[unset PATH\nexport PATH="/tmp/b:/tmp/a"\nsimple_test]                :
--- out	2025-01-31 19:03:48.728996540 +0900
+++ cmp	2025-01-31 19:03:48.724996565 +0900
@@ -1 +0,0 @@
-
[unset PATH\nexport PATH="/tmp/b:/tmp/a"\nsimple_test]                :status NG, expected 1 but got 126
[unset PATH\nexport PATH="/tmp/a:/tmp/b"\nsimple_test]                :status NG, expected 2 but got 126
[unset PATH\nexport PATH="/tmp/b:/tmp/a"\nsimple_test]                :
--- out	2025-01-31 19:03:48.796996107 +0900
+++ cmp	2025-01-31 19:03:48.792996132 +0900
@@ -1 +0,0 @@
-
[pwd >>pwd.txt]                                                       :
--- out	2025-01-31 19:03:49.092994222 +0900
+++ cmp	2025-01-31 19:03:49.084994273 +0900
@@ -1 +0,0 @@
-/home/ssoeno/minishell/norm_ready
[pwd >>pwd.txt >>pwd.txt]                                             :
--- out	2025-01-31 19:03:49.112994094 +0900
+++ cmp	2025-01-31 19:03:49.104994145 +0900
@@ -1 +0,0 @@
-/home/ssoeno/minishell/norm_ready
[pwd >>pwd.txt >>pwd2.txt]                                            :
--- out	2025-01-31 19:03:49.132993967 +0900
+++ cmp	2025-01-31 19:03:49.124994018 +0900
@@ -1 +0,0 @@
-/home/ssoeno/minishell/norm_ready
[pwd >>pwd.txt \n pwd >>pwd.txt]                                      :
--- out	2025-01-31 19:03:49.148993865 +0900
+++ cmp	2025-01-31 19:03:49.140993916 +0900
@@ -1,2 +0,0 @@
-/home/ssoeno/minishell/norm_ready
-/home/ssoeno/minishell/norm_ready
[cat <<E"O"F\nhello\nworld\nEOF\nNOPRINT]                             :
--- out	2025-01-31 19:03:49.208993483 +0900
+++ cmp	2025-01-31 19:03:49.200993534 +0900
@@ -2,3 +2 @@
 world
-EOF
-NOPRINT
[cat <<E"O"F\nhello\nworld\nEOF\nNOPRINT]                             :status NG, expected 127 but got 0
[cat <<"EOF" \n$USER\n$NO_SUCH_VAR\n$FOO$BAR\nEOF]                    :
--- out	2025-01-31 19:03:49.232993330 +0900
+++ cmp	2025-01-31 19:03:49.228993356 +0900
@@ -1,4 +1,3 @@
-ssoeno
-
-
-EOF
+$USER
+$NO_SUCH_VAR
+$FOO$BAR
[cat <<EO"F" \n$USER\n$NO_SUCH_VAR\n$FOO$BAR\nEOF]                    :
--- out	2025-01-31 19:03:49.244993254 +0900
+++ cmp	2025-01-31 19:03:49.240993279 +0900
@@ -1,4 +1,3 @@
-ssoeno
-
-
-EOF
+$USER
+$NO_SUCH_VAR
+$FOO$BAR
[cat <<"$EOF"       \neof\n$EOF\nEOF]                                 :
--- out	2025-01-31 19:03:49.272993076 +0900
+++ cmp	2025-01-31 19:03:49.268993101 +0900
@@ -1,3 +1 @@
 eof
-eof
-EOF
[cat <<"$EOF"       \neof\n$EOF\nEOF]                                 :status NG, expected 127 but got 0
[./infinite_loop]                                                     :
--- out	2025-01-31 19:03:49.712990273 +0900
+++ cmp	2025-01-31 19:03:49.676990503 +0900
@@ -1 +0,0 @@
-
[./infinite_loop]                                                     :
--- out	2025-01-31 19:03:51.028981891 +0900
+++ cmp	2025-01-31 19:03:49.716990248 +0900
@@ -1 +0,0 @@
-
[./infinite_loop]                                                     :status NG, expected 131 but got 130
[exit "42 \t"]                                                        :status NG, expected 42 but got 2
[exit " 42 "]                                                         :status NG, expected 42 but got 2
[cd /../../../././.././\n echo $PWD]                                  :
--- out	2025-01-31 19:03:51.640977991 +0900
+++ cmp	2025-01-31 19:03:51.636978017 +0900
@@ -1 +1 @@
-/../../../././../.
+/
[cd . \n pwd \n echo $PWD $OLDPWD]                                    :
--- out	2025-01-31 19:03:51.812976895 +0900
+++ cmp	2025-01-31 19:03:51.808976921 +0900
@@ -1,2 +1,2 @@
-/home/ssoeno/minishell/norm_ready /home/ssoeno/minishell/norm_ready
 /home/ssoeno/minishell/norm_ready
+/home/ssoeno/minishell/norm_ready /home/ssoeno/minishell/norm_ready
[cd .. \n pwd \n echo $PWD $OLDPWD]                                   :
--- out	2025-01-31 19:03:51.820976844 +0900
+++ cmp	2025-01-31 19:03:51.816976870 +0900
@@ -1,2 +1,2 @@
-/home/ssoeno/minishell /home/ssoeno/minishell/norm_ready
 /home/ssoeno/minishell
+/home/ssoeno/minishell /home/ssoeno/minishell/norm_ready
[cd /// \n pwd \n echo $PWD $OLDPWD]                                  :
--- out	2025-01-31 19:03:51.832976768 +0900
+++ cmp	2025-01-31 19:03:51.828976793 +0900
@@ -1,2 +1,2 @@
-/ /home/ssoeno/minishell/norm_ready
 /
+/ /home/ssoeno/minishell/norm_ready
[cd /tmp/// \n pwd \n echo $PWD $OLDPWD]                              :
--- out	2025-01-31 19:03:51.840976717 +0900
+++ cmp	2025-01-31 19:03:51.836976742 +0900
@@ -1,2 +1,2 @@
-/tmp /home/ssoeno/minishell/norm_ready
 /tmp
+/tmp /home/ssoeno/minishell/norm_ready
[unset PWD \n cd \n echo $PWD \ncd /tmp\necho $PWD]                   :
--- out	2025-01-31 19:03:51.860976590 +0900
+++ cmp	2025-01-31 19:03:51.856976615 +0900
@@ -1,2 +1,2 @@
-
-
+/home/ssoeno
+/tmp
[unset PWD\ncd\necho $OLDPWD\ncd /tmp\necho $OLDPWD]                  :
--- out	2025-01-31 19:03:51.868976539 +0900
+++ cmp	2025-01-31 19:03:51.868976539 +0900
@@ -1,2 +1,2 @@
 
-
+/home/ssoeno
[cd | pwd | grep /]                                                   :status NG, expected 0 but got 1
